<?xml version="1.0" encoding="UTF-8"?>
<!-- Generated by org.testng.reporters.JUnitReportReporter -->
<testsuite skipped="0" hostname="admin-PC" name="qaclickacademy.ExtentreportDemo.HomePage" tests="1" failures="0" timestamp="2020-12-15T16:50:34 IST" time="35.744" errors="0">
  <testcase name="basePageNavigator" time="35.744" classname="qaclickacademy.ExtentreportDemo.HomePage"/>
  <system-out/>
</testsuite> <!-- qaclickacademy.ExtentreportDemo.HomePage -->
