<?xml version="1.0" encoding="UTF-8"?>
<!-- Generated by org.testng.reporters.JUnitReportReporter -->
<testsuite skipped="0" hostname="admin-PC" name="qaclickacademy.ExtentreportDemo.ValidateFeature" tests="1" failures="0" timestamp="2020-12-15T16:50:34 IST" time="0.648" errors="0">
  <testcase name="basePageNavigator" time="0.648" classname="qaclickacademy.ExtentreportDemo.ValidateFeature"/>
  <system-out/>
</testsuite> <!-- qaclickacademy.ExtentreportDemo.ValidateFeature -->
