<?xml version="1.0" encoding="UTF-8"?>
<!-- Generated by org.testng.reporters.JUnitReportReporter -->
<testsuite skipped="0" hostname="admin-PC" name="qaclickacademy.ExtentreportDemo.ValidateNavigationbar" tests="1" failures="0" timestamp="2020-12-15T16:50:34 IST" time="0.554" errors="0">
  <testcase name="basePageNavigator" time="0.554" classname="qaclickacademy.ExtentreportDemo.ValidateNavigationbar"/>
  <system-out/>
</testsuite> <!-- qaclickacademy.ExtentreportDemo.ValidateNavigationbar -->
