<?xml version="1.0" encoding="UTF-8"?>
<!-- Generated by org.testng.reporters.JUnitReportReporter -->
<testsuite hostname="admin-PC" name="qaclickacademy.ExtentreportDemo.ValidateFeature" tests="1" failures="0" timestamp="15 Dec 2020 15:13:49 GMT" time="0.891" errors="0">
  <testcase name="basePageNavigator" time="0.891" classname="qaclickacademy.ExtentreportDemo.ValidateFeature"/>
</testsuite> <!-- qaclickacademy.ExtentreportDemo.ValidateFeature -->
