<?xml version="1.0" encoding="UTF-8"?>
<!-- Generated by org.testng.reporters.JUnitReportReporter -->
<testsuite hostname="admin-PC" name="qaclickacademy.ExtentreportDemo.HomePage" tests="1" failures="0" timestamp="15 Dec 2020 15:13:49 GMT" time="24.531" errors="0">
  <testcase name="basePageNavigator" time="24.531" classname="qaclickacademy.ExtentreportDemo.HomePage"/>
</testsuite> <!-- qaclickacademy.ExtentreportDemo.HomePage -->
