<?xml version="1.0" encoding="UTF-8"?>
<!-- Generated by org.testng.reporters.JUnitReportReporter -->
<testsuite hostname="admin-PC" name="qaclickacademy.ExtentreportDemo.ValidateNavigationbar" tests="1" failures="0" timestamp="15 Dec 2020 15:13:49 GMT" time="0.925" errors="0">
  <testcase name="basePageNavigator" time="0.925" classname="qaclickacademy.ExtentreportDemo.ValidateNavigationbar"/>
</testsuite> <!-- qaclickacademy.ExtentreportDemo.ValidateNavigationbar -->
